<?xml version="1.0" encoding="UTF-8"?>
<!-- Generated by org.testng.reporters.JUnitReportReporter -->
<testsuite skipped="1" hostname="LAPTOP-PTI6DNB4" name="com.vTiger.CreateOrganizationTest.CreateInvalidOrganizationTest" tests="1" failures="0" timestamp="19 Nov 2019 10:55:08 GMT" time="0.000" errors="0">
  <testcase name="create_Invalid_OrganizationTest" time="0.000" classname="com.vTiger.CreateOrganizationTest.CreateInvalidOrganizationTest">
    <skipped/>
  </testcase> <!-- create_Invalid_OrganizationTest -->
</testsuite> <!-- com.vTiger.CreateOrganizationTest.CreateInvalidOrganizationTest -->
