<?xml version="1.0" encoding="UTF-8"?>
<!-- Generated by org.testng.reporters.JUnitReportReporter -->
<testsuite skipped="1" hostname="LAPTOP-PTI6DNB4" name="com.vTiger.CreateOrganizationTest.CreateDuplicateOrganizationUsingQuickCreateTest" tests="1" failures="0" timestamp="19 Nov 2019 10:55:08 GMT" time="0.000" errors="0">
  <testcase name="qc_Duplicate_Organization" time="0.000" classname="com.vTiger.CreateOrganizationTest.CreateDuplicateOrganizationUsingQuickCreateTest">
    <skipped/>
  </testcase> <!-- qc_Duplicate_Organization -->
</testsuite> <!-- com.vTiger.CreateOrganizationTest.CreateDuplicateOrganizationUsingQuickCreateTest -->
