<?xml version="1.0" encoding="UTF-8"?>
<!-- Generated by org.testng.reporters.JUnitReportReporter -->
<testsuite skipped="1" hostname="LAPTOP-PTI6DNB4" name="com.vTiger.CreateOrganizationTest.CreateOrganization_Assign_IndustryTest" tests="1" failures="0" timestamp="19 Nov 2019 10:55:08 GMT" time="0.016" errors="0">
  <testcase name="assignIndustryTest" time="0.016" classname="com.vTiger.CreateOrganizationTest.CreateOrganization_Assign_IndustryTest">
    <skipped/>
  </testcase> <!-- assignIndustryTest -->
</testsuite> <!-- com.vTiger.CreateOrganizationTest.CreateOrganization_Assign_IndustryTest -->
